[15:07:36.912] Global cache location '/Users/dan.hoizner/Library/Caches/typescript/4.7', safe file path '/users/dan.hoizner/.asdf/installs/nodejs/16.15.1/.npm/lib/node_modules/typescript/lib/typingsafelist.json', types map path /users/dan.hoizner/.asdf/installs/nodejs/16.15.1/.npm/lib/node_modules/typescript/lib/typesmap.json
[15:07:36.914] Processing cache location '/Users/dan.hoizner/Library/Caches/typescript/4.7'
[15:07:36.914] Trying to find '/Users/dan.hoizner/Library/Caches/typescript/4.7/package.json'...
[15:07:36.917] Loaded content of '/Users/dan.hoizner/Library/Caches/typescript/4.7/package.json': {"private":true,"dependencies":{"types-registry":"^0.1.596"}}
[15:07:36.917] Loaded content of '/Users/dan.hoizner/Library/Caches/typescript/4.7/package-lock.json'
[15:07:36.917] Finished processing cache location '/Users/dan.hoizner/Library/Caches/typescript/4.7'
[15:07:36.917] Process id: 35207
[15:07:36.918] NPM location: /Users/dan.hoizner/.asdf/installs/nodejs/16.15.1/bin/npm (explicit '--npmLocation' not  provided)
[15:07:36.918] validateDefaultNpmLocation: false
[15:07:36.918] Npm config file: /Users/dan.hoizner/Library/Caches/typescript/4.7/package.json
[15:07:36.918] Updating types-registry npm package...
[15:07:36.918] Exec: /Users/dan.hoizner/.asdf/installs/nodejs/16.15.1/bin/npm install --ignore-scripts types-registry@latest
[15:07:38.102]     Succeeded. stdout:
    
    changed 1 package, and audited 2 packages in 589ms

found 0 vulnerabilities

[15:07:38.102] Updated types-registry npm package
[15:07:38.126] Got install request {"projectName":"/dev/null/inferredProject1*","fileNames":["/Users/dan.hoizner/.asdf/installs/nodejs/16.15.1/.npm/lib/node_modules/typescript/lib/lib.es5.d.ts","/Users/dan.hoizner/.asdf/installs/nodejs/16.15.1/.npm/lib/node_modules/typescript/lib/lib.es2015.d.ts","/Users/dan.hoizner/.asdf/installs/nodejs/16.15.1/.npm/lib/node_modules/typescript/lib/lib.es2016.d.ts","/Users/dan.hoizner/.asdf/installs/nodejs/16.15.1/.npm/lib/node_modules/typescript/lib/lib.dom.d.ts","/Users/dan.hoizner/.asdf/installs/nodejs/16.15.1/.npm/lib/node_modules/typescript/lib/lib.dom.iterable.d.ts","/Users/dan.hoizner/.asdf/installs/nodejs/16.15.1/.npm/lib/node_modules/typescript/lib/lib.webworker.importscripts.d.ts","/Users/dan.hoizner/.asdf/installs/nodejs/16.15.1/.npm/lib/node_modules/typescript/lib/lib.scripthost.d.ts","/Users/dan.hoizner/.asdf/installs/nodejs/16.15.1/.npm/lib/node_modules/typescript/lib/lib.es2015.core.d.ts","/Users/dan.hoizner/.asdf/installs/nodejs/16.15.1/.npm/lib/node_modules/typescript/lib/lib.es2015.collection.d.ts","/Users/dan.hoizner/.asdf/installs/nodejs/16.15.1/.npm/lib/node_modules/typescript/lib/lib.es2015.generator.d.ts","/Users/dan.hoizner/.asdf/installs/nodejs/16.15.1/.npm/lib/node_modules/typescript/lib/lib.es2015.iterable.d.ts","/Users/dan.hoizner/.asdf/installs/nodejs/16.15.1/.npm/lib/node_modules/typescript/lib/lib.es2015.promise.d.ts","/Users/dan.hoizner/.asdf/installs/nodejs/16.15.1/.npm/lib/node_modules/typescript/lib/lib.es2015.proxy.d.ts","/Users/dan.hoizner/.asdf/installs/nodejs/16.15.1/.npm/lib/node_modules/typescript/lib/lib.es2015.reflect.d.ts","/Users/dan.hoizner/.asdf/installs/nodejs/16.15.1/.npm/lib/node_modules/typescript/lib/lib.es2015.symbol.d.ts","/Users/dan.hoizner/.asdf/installs/nodejs/16.15.1/.npm/lib/node_modules/typescript/lib/lib.es2015.symbol.wellknown.d.ts","/Users/dan.hoizner/.asdf/installs/nodejs/16.15.1/.npm/lib/node_modules/typescript/lib/lib.es2016.array.include.d.ts","/Users/dan.hoizner/.asdf/installs/nodejs/16.15.1/.npm/lib/node_modules/typescript/lib/lib.es2016.full.d.ts","/Users/dan.hoizner/.local/share/chezmoi/dot_phoenix.js"],"compilerOptions":{"module":1,"target":3,"jsx":1,"allowJs":true,"allowSyntheticDefaultImports":true,"allowNonTsExtensions":true,"noEmitForJsFiles":true,"maxNodeModuleJsDepth":2},"typeAcquisition":{"enable":true,"include":[],"exclude":[]},"unresolvedImports":[],"projectRootPath":"/Users/dan.hoizner/.local/share/chezmoi","kind":"discover"}
[15:07:38.143] Loaded safelist from types map file '/users/dan.hoizner/.asdf/installs/nodejs/16.15.1/.npm/lib/node_modules/typescript/lib/typesmap.json'
[15:07:38.144] Explicitly included types: []
[15:07:38.144] Inferred typings from unresolved imports: []
[15:07:38.144] Result: {"cachedTypingPaths":[],"newTypingNames":[],"filesToWatch":["/Users/dan.hoizner/.local/share/chezmoi/bower_components","/Users/dan.hoizner/.local/share/chezmoi/node_modules"]}
[15:07:38.145] Finished typings discovery: {"cachedTypingPaths":[],"newTypingNames":[],"filesToWatch":["/Users/dan.hoizner/.local/share/chezmoi/bower_components","/Users/dan.hoizner/.local/share/chezmoi/node_modules"]}
[15:07:38.145] DirectoryWatcher:: Added:: WatchInfo: /Users/dan.hoizner/.local/share/chezmoi/bower_components
[15:07:38.145] DirectoryWatcher:: Added:: WatchInfo: /Users/dan.hoizner/.local/share/chezmoi/bower_components 1 undefined Project: /dev/null/inferredProject1* watcher already invoked: false
[15:07:38.146] Elapsed:: 0.7808132171630859ms DirectoryWatcher:: Added:: WatchInfo: /Users/dan.hoizner/.local/share/chezmoi/bower_components 1 undefined Project: /dev/null/inferredProject1* watcher already invoked: false
[15:07:38.146] DirectoryWatcher:: Added:: WatchInfo: /Users/dan.hoizner/.local/share/chezmoi/node_modules
[15:07:38.147] DirectoryWatcher:: Added:: WatchInfo: /Users/dan.hoizner/.local/share/chezmoi/node_modules 1 undefined Project: /dev/null/inferredProject1* watcher already invoked: false
[15:07:38.147] Elapsed:: 0.09459686279296875ms DirectoryWatcher:: Added:: WatchInfo: /Users/dan.hoizner/.local/share/chezmoi/node_modules 1 undefined Project: /dev/null/inferredProject1* watcher already invoked: false
[15:07:38.147] Sending response:
    {"projectName":"/dev/null/inferredProject1*","typeAcquisition":{"enable":true,"include":[],"exclude":[]},"compilerOptions":{"module":1,"target":3,"jsx":1,"allowJs":true,"allowSyntheticDefaultImports":true,"allowNonTsExtensions":true,"noEmitForJsFiles":true,"maxNodeModuleJsDepth":2},"typings":[],"unresolvedImports":[],"kind":"action::set"}
[15:07:38.147] Response has been sent.
[15:07:38.147] No new typings were requested as a result of typings discovery
[15:21:51.890] Got install request {"projectName":"/dev/null/inferredProject1*","fileNames":["/Users/dan.hoizner/.asdf/installs/nodejs/16.15.1/.npm/lib/node_modules/typescript/lib/lib.es5.d.ts","/Users/dan.hoizner/.asdf/installs/nodejs/16.15.1/.npm/lib/node_modules/typescript/lib/lib.es2015.d.ts","/Users/dan.hoizner/.asdf/installs/nodejs/16.15.1/.npm/lib/node_modules/typescript/lib/lib.es2016.d.ts","/Users/dan.hoizner/.asdf/installs/nodejs/16.15.1/.npm/lib/node_modules/typescript/lib/lib.dom.d.ts","/Users/dan.hoizner/.asdf/installs/nodejs/16.15.1/.npm/lib/node_modules/typescript/lib/lib.dom.iterable.d.ts","/Users/dan.hoizner/.asdf/installs/nodejs/16.15.1/.npm/lib/node_modules/typescript/lib/lib.webworker.importscripts.d.ts","/Users/dan.hoizner/.asdf/installs/nodejs/16.15.1/.npm/lib/node_modules/typescript/lib/lib.scripthost.d.ts","/Users/dan.hoizner/.asdf/installs/nodejs/16.15.1/.npm/lib/node_modules/typescript/lib/lib.es2015.core.d.ts","/Users/dan.hoizner/.asdf/installs/nodejs/16.15.1/.npm/lib/node_modules/typescript/lib/lib.es2015.collection.d.ts","/Users/dan.hoizner/.asdf/installs/nodejs/16.15.1/.npm/lib/node_modules/typescript/lib/lib.es2015.generator.d.ts","/Users/dan.hoizner/.asdf/installs/nodejs/16.15.1/.npm/lib/node_modules/typescript/lib/lib.es2015.iterable.d.ts","/Users/dan.hoizner/.asdf/installs/nodejs/16.15.1/.npm/lib/node_modules/typescript/lib/lib.es2015.promise.d.ts","/Users/dan.hoizner/.asdf/installs/nodejs/16.15.1/.npm/lib/node_modules/typescript/lib/lib.es2015.proxy.d.ts","/Users/dan.hoizner/.asdf/installs/nodejs/16.15.1/.npm/lib/node_modules/typescript/lib/lib.es2015.reflect.d.ts","/Users/dan.hoizner/.asdf/installs/nodejs/16.15.1/.npm/lib/node_modules/typescript/lib/lib.es2015.symbol.d.ts","/Users/dan.hoizner/.asdf/installs/nodejs/16.15.1/.npm/lib/node_modules/typescript/lib/lib.es2015.symbol.wellknown.d.ts","/Users/dan.hoizner/.asdf/installs/nodejs/16.15.1/.npm/lib/node_modules/typescript/lib/lib.es2016.array.include.d.ts","/Users/dan.hoizner/.asdf/installs/nodejs/16.15.1/.npm/lib/node_modules/typescript/lib/lib.es2016.full.d.ts","/Users/dan.hoizner/.local/share/chezmoi/dot_phoenix.js"],"compilerOptions":{"module":1,"target":3,"jsx":1,"allowJs":true,"allowSyntheticDefaultImports":true,"allowNonTsExtensions":true,"noEmitForJsFiles":true,"maxNodeModuleJsDepth":2},"typeAcquisition":{"enable":true,"include":[],"exclude":[]},"projectRootPath":"/Users/dan.hoizner/.local/share/chezmoi","kind":"discover"}
[15:21:51.891] Explicitly included types: []
[15:21:51.891] Result: {"cachedTypingPaths":[],"newTypingNames":[],"filesToWatch":["/Users/dan.hoizner/.local/share/chezmoi/bower_components","/Users/dan.hoizner/.local/share/chezmoi/node_modules"]}
[15:21:51.891] Finished typings discovery: {"cachedTypingPaths":[],"newTypingNames":[],"filesToWatch":["/Users/dan.hoizner/.local/share/chezmoi/bower_components","/Users/dan.hoizner/.local/share/chezmoi/node_modules"]}
[15:21:51.891] Sending response:
    {"projectName":"/dev/null/inferredProject1*","typeAcquisition":{"enable":true,"include":[],"exclude":[]},"compilerOptions":{"module":1,"target":3,"jsx":1,"allowJs":true,"allowSyntheticDefaultImports":true,"allowNonTsExtensions":true,"noEmitForJsFiles":true,"maxNodeModuleJsDepth":2},"typings":[],"kind":"action::set"}
[15:21:51.892] Response has been sent.
[15:21:51.892] No new typings were requested as a result of typings discovery
[09:27:54.929] Parent process has exited, shutting down...
